[35m[1mScanning dependencies of target std_msgs_generate_messages_nodejs[0m
[35m[1mScanning dependencies of target geometry_msgs_generate_messages_nodejs[0m
[35m[1mScanning dependencies of target _arman_controller_generate_messages_check_deps_ArmanDriverRequest[0m
[35m[1mScanning dependencies of target std_msgs_generate_messages_lisp[0m
[  0%] Built target std_msgs_generate_messages_lisp
[  0%] Built target geometry_msgs_generate_messages_nodejs
[  0%] Built target std_msgs_generate_messages_nodejs
[35m[1mScanning dependencies of target geometry_msgs_generate_messages_lisp[0m
[35m[1mScanning dependencies of target geometry_msgs_generate_messages_py[0m
[35m[1mScanning dependencies of target std_msgs_generate_messages_py[0m
[  0%] Built target geometry_msgs_generate_messages_py
[  0%] Built target std_msgs_generate_messages_py
[  0%] Built target geometry_msgs_generate_messages_lisp
[35m[1mScanning dependencies of target geometry_msgs_generate_messages_cpp[0m
[35m[1mScanning dependencies of target std_msgs_generate_messages_eus[0m
[35m[1mScanning dependencies of target geometry_msgs_generate_messages_eus[0m
[  0%] Built target geometry_msgs_generate_messages_cpp
[  0%] Built target std_msgs_generate_messages_eus
[  0%] Built target geometry_msgs_generate_messages_eus
[35m[1mScanning dependencies of target std_msgs_generate_messages_cpp[0m
[  0%] Built target _arman_controller_generate_messages_check_deps_ArmanDriverRequest
[  0%] Built target std_msgs_generate_messages_cpp
[35m[1mScanning dependencies of target arman_controller_generate_messages_lisp[0m
[35m[1mScanning dependencies of target arman_controller_generate_messages_nodejs[0m
[35m[1mScanning dependencies of target arman_controller_generate_messages_py[0m
[35m[1mScanning dependencies of target arman_controller_generate_messages_eus[0m
[ 28%] [34m[1mGenerating Lisp code from arman_controller/ArmanDriverRequest.srv[0m
[ 28%] [34m[1mGenerating Python code from SRV arman_controller/ArmanDriverRequest[0m
[ 42%] [34m[1mGenerating Javascript code from arman_controller/ArmanDriverRequest.srv[0m
[ 57%] [34m[1mGenerating EusLisp code from arman_controller/ArmanDriverRequest.srv[0m
[ 57%] Built target arman_controller_generate_messages_nodejs
[ 57%] Built target arman_controller_generate_messages_lisp
[35m[1mScanning dependencies of target arman_controller_generate_messages_cpp[0m
[ 71%] [34m[1mGenerating EusLisp manifest code for arman_controller[0m
[ 85%] [34m[1mGenerating C++ code from arman_controller/ArmanDriverRequest.srv[0m
[100%] [34m[1mGenerating Python srv __init__.py for arman_controller[0m
[100%] Built target arman_controller_generate_messages_py
[100%] Built target arman_controller_generate_messages_cpp
[100%] Built target arman_controller_generate_messages_eus
[35m[1mScanning dependencies of target arman_controller_generate_messages[0m
[100%] Built target arman_controller_generate_messages
