Not searching for unused variables given on the command line.
[36m--[0m Using CATKIN_DEVEL_PREFIX: /home/m_dyse/Dyse-Robotics/Projects/Arman/devel/.private/arman_controller
[36m--[0m Using CMAKE_PREFIX_PATH: /home/m_dyse/Dyse-Robotics/Projects/Arman/devel;/opt/ros/melodic
[36m--[0m This workspace overlays: /home/m_dyse/Dyse-Robotics/Projects/Arman/devel;/opt/ros/melodic
[36m--[0m Found PythonInterp: /home/m_dyse/pyenvs/Arman_env/bin/python3 (found suitable version "3.6.9", minimum required is "2")
[36m--[0m Using PYTHON_EXECUTABLE: /home/m_dyse/pyenvs/Arman_env/bin/python3
[36m--[0m Using Debian Python package layout
[36m--[0m Using empy: /usr/bin/empy
[36m--[0m Using CATKIN_ENABLE_TESTING: ON
[36m--[0m Call enable_testing()
[36m--[0m Using CATKIN_TEST_RESULTS_DIR: /home/m_dyse/Dyse-Robotics/Projects/Arman/build/arman_controller/test_results
[36m--[0m Found gtest sources under '/usr/src/googletest': gtests will be built
[36m--[0m Found gmock sources under '/usr/src/googletest': gmock will be built
[36m--[0m Found PythonInterp: /home/m_dyse/pyenvs/Arman_env/bin/python3 (found version "3.6.9")
[36m--[0m Using Python nosetests: /usr/bin/nosetests-2.7
[31m[1mCMake Error[0m at /opt/ros/melodic/share/catkin/cmake/assert.cmake:20 (message):


  Assertion failed: file '/usr/lib/x86_64-linux-gnu/librt.so' does not exist.
  Message: RT Library

[36mCall Stack (most recent call first):[0m
  /opt/ros/melodic/share/catkin/cmake/tools/rt.cmake:44 (assert_file_exists)
  /opt/ros/melodic/share/catkin/cmake/all.cmake:164 (include)
  /opt/ros/melodic/share/catkin/cmake/catkinConfig.cmake:20 (include)
  CMakeLists.txt:10 (find_package)


[36m--[0m Configuring incomplete, errors occurred!
See also "/home/m_dyse/Dyse-Robotics/Projects/Arman/build/arman_controller/CMakeFiles/CMakeOutput.log".
See also "/home/m_dyse/Dyse-Robotics/Projects/Arman/build/arman_controller/CMakeFiles/CMakeError.log".
