Linked: (/home/m_dyse/Dyse-Robotics/Projects/Arman/devel/.private/arman_controller/include/arman_controller/ArmanDriverRequestResponse.h, /home/m_dyse/Dyse-Robotics/Projects/Arman/devel/include/arman_controller/ArmanDriverRequestResponse.h)
Linked: (/home/m_dyse/Dyse-Robotics/Projects/Arman/devel/.private/arman_controller/include/arman_controller/ArmanDriverRequest.h, /home/m_dyse/Dyse-Robotics/Projects/Arman/devel/include/arman_controller/ArmanDriverRequest.h)
Linked: (/home/m_dyse/Dyse-Robotics/Projects/Arman/devel/.private/arman_controller/include/arman_controller/ArmanDriverRequestRequest.h, /home/m_dyse/Dyse-Robotics/Projects/Arman/devel/include/arman_controller/ArmanDriverRequestRequest.h)
Linked: (/home/m_dyse/Dyse-Robotics/Projects/Arman/devel/.private/arman_controller/share/arman_controller/cmake/arman_controllerConfig-version.cmake, /home/m_dyse/Dyse-Robotics/Projects/Arman/devel/share/arman_controller/cmake/arman_controllerConfig-version.cmake)
Linked: (/home/m_dyse/Dyse-Robotics/Projects/Arman/devel/.private/arman_controller/share/arman_controller/cmake/arman_controller-msg-extras.cmake, /home/m_dyse/Dyse-Robotics/Projects/Arman/devel/share/arman_controller/cmake/arman_controller-msg-extras.cmake)
Linked: (/home/m_dyse/Dyse-Robotics/Projects/Arman/devel/.private/arman_controller/share/arman_controller/cmake/arman_controller-msg-paths.cmake, /home/m_dyse/Dyse-Robotics/Projects/Arman/devel/share/arman_controller/cmake/arman_controller-msg-paths.cmake)
Linked: (/home/m_dyse/Dyse-Robotics/Projects/Arman/devel/.private/arman_controller/share/arman_controller/cmake/arman_controllerConfig.cmake, /home/m_dyse/Dyse-Robotics/Projects/Arman/devel/share/arman_controller/cmake/arman_controllerConfig.cmake)
Linked: (/home/m_dyse/Dyse-Robotics/Projects/Arman/devel/.private/arman_controller/share/common-lisp/ros/arman_controller/srv/_package.lisp, /home/m_dyse/Dyse-Robotics/Projects/Arman/devel/share/common-lisp/ros/arman_controller/srv/_package.lisp)
Linked: (/home/m_dyse/Dyse-Robotics/Projects/Arman/devel/.private/arman_controller/share/common-lisp/ros/arman_controller/srv/ArmanDriverRequest.lisp, /home/m_dyse/Dyse-Robotics/Projects/Arman/devel/share/common-lisp/ros/arman_controller/srv/ArmanDriverRequest.lisp)
Linked: (/home/m_dyse/Dyse-Robotics/Projects/Arman/devel/.private/arman_controller/share/common-lisp/ros/arman_controller/srv/_package_ArmanDriverRequest.lisp, /home/m_dyse/Dyse-Robotics/Projects/Arman/devel/share/common-lisp/ros/arman_controller/srv/_package_ArmanDriverRequest.lisp)
Linked: (/home/m_dyse/Dyse-Robotics/Projects/Arman/devel/.private/arman_controller/share/common-lisp/ros/arman_controller/srv/arman_controller-srv.asd, /home/m_dyse/Dyse-Robotics/Projects/Arman/devel/share/common-lisp/ros/arman_controller/srv/arman_controller-srv.asd)
Linked: (/home/m_dyse/Dyse-Robotics/Projects/Arman/devel/.private/arman_controller/share/gennodejs/ros/arman_controller/_index.js, /home/m_dyse/Dyse-Robotics/Projects/Arman/devel/share/gennodejs/ros/arman_controller/_index.js)
Linked: (/home/m_dyse/Dyse-Robotics/Projects/Arman/devel/.private/arman_controller/share/gennodejs/ros/arman_controller/srv/_index.js, /home/m_dyse/Dyse-Robotics/Projects/Arman/devel/share/gennodejs/ros/arman_controller/srv/_index.js)
Linked: (/home/m_dyse/Dyse-Robotics/Projects/Arman/devel/.private/arman_controller/share/gennodejs/ros/arman_controller/srv/ArmanDriverRequest.js, /home/m_dyse/Dyse-Robotics/Projects/Arman/devel/share/gennodejs/ros/arman_controller/srv/ArmanDriverRequest.js)
Linked: (/home/m_dyse/Dyse-Robotics/Projects/Arman/devel/.private/arman_controller/share/roseus/ros/arman_controller/manifest.l, /home/m_dyse/Dyse-Robotics/Projects/Arman/devel/share/roseus/ros/arman_controller/manifest.l)
Linked: (/home/m_dyse/Dyse-Robotics/Projects/Arman/devel/.private/arman_controller/share/roseus/ros/arman_controller/srv/ArmanDriverRequest.l, /home/m_dyse/Dyse-Robotics/Projects/Arman/devel/share/roseus/ros/arman_controller/srv/ArmanDriverRequest.l)
Linked: (/home/m_dyse/Dyse-Robotics/Projects/Arman/devel/.private/arman_controller/lib/python3/dist-packages/arman_controller/__init__.py, /home/m_dyse/Dyse-Robotics/Projects/Arman/devel/lib/python3/dist-packages/arman_controller/__init__.py)
Linked: (/home/m_dyse/Dyse-Robotics/Projects/Arman/devel/.private/arman_controller/lib/python3/dist-packages/arman_controller/srv/__init__.py, /home/m_dyse/Dyse-Robotics/Projects/Arman/devel/lib/python3/dist-packages/arman_controller/srv/__init__.py)
Linked: (/home/m_dyse/Dyse-Robotics/Projects/Arman/devel/.private/arman_controller/lib/python3/dist-packages/arman_controller/srv/_ArmanDriverRequest.py, /home/m_dyse/Dyse-Robotics/Projects/Arman/devel/lib/python3/dist-packages/arman_controller/srv/_ArmanDriverRequest.py)
Linked: (/home/m_dyse/Dyse-Robotics/Projects/Arman/devel/.private/arman_controller/lib/pkgconfig/arman_controller.pc, /home/m_dyse/Dyse-Robotics/Projects/Arman/devel/lib/pkgconfig/arman_controller.pc)
