Symlinking /home/m_dyse/Dyse-Robotics/Projects/Arman/devel/include/arman_controller/ArmanDriverRequestResponse.h
Symlinking /home/m_dyse/Dyse-Robotics/Projects/Arman/devel/include/arman_controller/ArmanDriverRequest.h
Symlinking /home/m_dyse/Dyse-Robotics/Projects/Arman/devel/include/arman_controller/ArmanDriverRequestRequest.h
Linked: (/home/m_dyse/Dyse-Robotics/Projects/Arman/devel/.private/arman_controller/share/arman_controller/cmake/arman_controllerConfig-version.cmake, /home/m_dyse/Dyse-Robotics/Projects/Arman/devel/share/arman_controller/cmake/arman_controllerConfig-version.cmake)
Symlinking /home/m_dyse/Dyse-Robotics/Projects/Arman/devel/share/arman_controller/cmake/arman_controller-msg-extras.cmake
Symlinking /home/m_dyse/Dyse-Robotics/Projects/Arman/devel/share/arman_controller/cmake/arman_controller-msg-paths.cmake
Linked: (/home/m_dyse/Dyse-Robotics/Projects/Arman/devel/.private/arman_controller/share/arman_controller/cmake/arman_controllerConfig.cmake, /home/m_dyse/Dyse-Robotics/Projects/Arman/devel/share/arman_controller/cmake/arman_controllerConfig.cmake)
Symlinking /home/m_dyse/Dyse-Robotics/Projects/Arman/devel/share/common-lisp/ros/arman_controller/srv/_package.lisp
Symlinking /home/m_dyse/Dyse-Robotics/Projects/Arman/devel/share/common-lisp/ros/arman_controller/srv/ArmanDriverRequest.lisp
Symlinking /home/m_dyse/Dyse-Robotics/Projects/Arman/devel/share/common-lisp/ros/arman_controller/srv/_package_ArmanDriverRequest.lisp
Symlinking /home/m_dyse/Dyse-Robotics/Projects/Arman/devel/share/common-lisp/ros/arman_controller/srv/arman_controller-srv.asd
Symlinking /home/m_dyse/Dyse-Robotics/Projects/Arman/devel/share/gennodejs/ros/arman_controller/_index.js
Symlinking /home/m_dyse/Dyse-Robotics/Projects/Arman/devel/share/gennodejs/ros/arman_controller/srv/_index.js
Symlinking /home/m_dyse/Dyse-Robotics/Projects/Arman/devel/share/gennodejs/ros/arman_controller/srv/ArmanDriverRequest.js
Symlinking /home/m_dyse/Dyse-Robotics/Projects/Arman/devel/share/roseus/ros/arman_controller/manifest.l
Symlinking /home/m_dyse/Dyse-Robotics/Projects/Arman/devel/share/roseus/ros/arman_controller/srv/ArmanDriverRequest.l
Symlinking /home/m_dyse/Dyse-Robotics/Projects/Arman/devel/lib/python3/dist-packages/arman_controller/__init__.py
Symlinking /home/m_dyse/Dyse-Robotics/Projects/Arman/devel/lib/python3/dist-packages/arman_controller/srv/__init__.py
Symlinking /home/m_dyse/Dyse-Robotics/Projects/Arman/devel/lib/python3/dist-packages/arman_controller/srv/_ArmanDriverRequest.py
Linked: (/home/m_dyse/Dyse-Robotics/Projects/Arman/devel/.private/arman_controller/lib/pkgconfig/arman_controller.pc, /home/m_dyse/Dyse-Robotics/Projects/Arman/devel/lib/pkgconfig/arman_controller.pc)
