[36m--[0m Using CATKIN_DEVEL_PREFIX: /home/m_dyse/Dyse-Robotics/Projects/Arman/devel/.private/arman_controller
[36m--[0m Using CMAKE_PREFIX_PATH: /home/m_dyse/Dyse-Robotics/Projects/Arman/devel;/opt/ros/melodic
[36m--[0m This workspace overlays: /home/m_dyse/Dyse-Robotics/Projects/Arman/devel;/opt/ros/melodic
[36m--[0m Found PythonInterp: /home/m_dyse/pyenvs/Arman_env/bin/python3 (found suitable version "3.6.9", minimum required is "2")
[36m--[0m Using PYTHON_EXECUTABLE: /home/m_dyse/pyenvs/Arman_env/bin/python3
[36m--[0m Using Debian Python package layout
[36m--[0m Using empy: /usr/bin/empy
[36m--[0m Using CATKIN_ENABLE_TESTING: ON
[36m--[0m Call enable_testing()
[36m--[0m Using CATKIN_TEST_RESULTS_DIR: /home/m_dyse/Dyse-Robotics/Projects/Arman/build/arman_controller/test_results
[36m--[0m Found gtest sources under '/usr/src/googletest': gtests will be built
[36m--[0m Found gmock sources under '/usr/src/googletest': gmock will be built
[36m--[0m Found PythonInterp: /home/m_dyse/pyenvs/Arman_env/bin/python3 (found version "3.6.9")
[36m--[0m Using Python nosetests: /usr/bin/nosetests-2.7
[36m--[0m catkin 0.7.29
[36m--[0m BUILD_SHARED_LIBS is on
[31m[1mCMake Error[0m at /home/m_dyse/Dyse-Robotics/Projects/Arman/src/arman_controller/CMakeLists.txt:53 (add_service_files):
  Unknown CMake command "add_service_files".


[36m--[0m Configuring incomplete, errors occurred!
See also "/home/m_dyse/Dyse-Robotics/Projects/Arman/build/arman_controller/CMakeFiles/CMakeOutput.log".
See also "/home/m_dyse/Dyse-Robotics/Projects/Arman/build/arman_controller/CMakeFiles/CMakeError.log".
Makefile:334: recipe for target 'cmake_check_build_system' failed
make: *** [cmake_check_build_system] Error 1
