Determining if the pthread_create exist failed with the following output:
Change Dir: /home/m_dyse/Dyse-Robotics/Projects/Arman/build/CMakeFiles/CMakeTmp

Run Build Command:"/usr/bin/make" "cmTC_4b306/fast"
/usr/bin/make -f CMakeFiles/cmTC_4b306.dir/build.make CMakeFiles/cmTC_4b306.dir/build
make[1]: Entering directory '/home/m_dyse/Dyse-Robotics/Projects/Arman/build/CMakeFiles/CMakeTmp'
Building C object CMakeFiles/cmTC_4b306.dir/CheckSymbolExists.c.o
/usr/bin/cc    -o CMakeFiles/cmTC_4b306.dir/CheckSymbolExists.c.o   -c /home/m_dyse/Dyse-Robotics/Projects/Arman/build/CMakeFiles/CMakeTmp/CheckSymbolExists.c
Linking C executable cmTC_4b306
/usr/bin/cmake -E cmake_link_script CMakeFiles/cmTC_4b306.dir/link.txt --verbose=1
/usr/bin/cc      -rdynamic CMakeFiles/cmTC_4b306.dir/CheckSymbolExists.c.o  -o cmTC_4b306 
CMakeFiles/cmTC_4b306.dir/CheckSymbolExists.c.o: In function `main':
CheckSymbolExists.c:(.text+0x1b): undefined reference to `pthread_create'
collect2: error: ld returned 1 exit status
CMakeFiles/cmTC_4b306.dir/build.make:97: recipe for target 'cmTC_4b306' failed
make[1]: *** [cmTC_4b306] Error 1
make[1]: Leaving directory '/home/m_dyse/Dyse-Robotics/Projects/Arman/build/CMakeFiles/CMakeTmp'
Makefile:126: recipe for target 'cmTC_4b306/fast' failed
make: *** [cmTC_4b306/fast] Error 2

File /home/m_dyse/Dyse-Robotics/Projects/Arman/build/CMakeFiles/CMakeTmp/CheckSymbolExists.c:
/* */
#include <pthread.h>

int main(int argc, char** argv)
{
  (void)argv;
#ifndef pthread_create
  return ((int*)(&pthread_create))[argc];
#else
  (void)argc;
  return 0;
#endif
}

Determining if the function pthread_create exists in the pthreads failed with the following output:
Change Dir: /home/m_dyse/Dyse-Robotics/Projects/Arman/build/CMakeFiles/CMakeTmp

Run Build Command:"/usr/bin/make" "cmTC_284ce/fast"
/usr/bin/make -f CMakeFiles/cmTC_284ce.dir/build.make CMakeFiles/cmTC_284ce.dir/build
make[1]: Entering directory '/home/m_dyse/Dyse-Robotics/Projects/Arman/build/CMakeFiles/CMakeTmp'
Building C object CMakeFiles/cmTC_284ce.dir/CheckFunctionExists.c.o
/usr/bin/cc   -DCHECK_FUNCTION_EXISTS=pthread_create   -o CMakeFiles/cmTC_284ce.dir/CheckFunctionExists.c.o   -c /usr/share/cmake-3.10/Modules/CheckFunctionExists.c
Linking C executable cmTC_284ce
/usr/bin/cmake -E cmake_link_script CMakeFiles/cmTC_284ce.dir/link.txt --verbose=1
/usr/bin/cc  -DCHECK_FUNCTION_EXISTS=pthread_create    -rdynamic CMakeFiles/cmTC_284ce.dir/CheckFunctionExists.c.o  -o cmTC_284ce -lpthreads 
/usr/bin/ld: cannot find -lpthreads
collect2: error: ld returned 1 exit status
CMakeFiles/cmTC_284ce.dir/build.make:97: recipe for target 'cmTC_284ce' failed
make[1]: *** [cmTC_284ce] Error 1
make[1]: Leaving directory '/home/m_dyse/Dyse-Robotics/Projects/Arman/build/CMakeFiles/CMakeTmp'
Makefile:126: recipe for target 'cmTC_284ce/fast' failed
make: *** [cmTC_284ce/fast] Error 2


